2021-02-19 18:15:20,447 [INFO] test_baidu.py line:14  打开浏览器
2021-02-19 18:15:20,448 [INFO] test_baidu.py line:15  浏览器名称:chrome,浏览器版本:88.0.4324.146
2021-02-19 18:15:20,448 [INFO] test_baidu.py line:43  用例2：测试通过百度首页能进入新闻界面的游戏专题
2021-02-19 18:15:20,469 [INFO] browser.py line:90  通过xpath成功定位元素【//*[@id="s-top-left"]/a[1]】！
2021-02-19 18:15:20,570 [INFO] test_baidu.py line:47  点击新闻链接
2021-02-19 18:15:20,596 [INFO] test_baidu.py line:51  切换窗口
2021-02-19 18:15:22,162 [INFO] browser.py line:90  通过xpath成功定位元素【//*[@id="channel-all"]/div/ul/li[10]/a】！
2021-02-19 18:15:23,374 [INFO] test_baidu.py line:55  点击游戏链接
2021-02-19 18:15:26,750 [INFO] test_baidu.py line:22  关闭浏览器
2021-02-19 18:15:31,565 [INFO] test_baidu.py line:14  打开浏览器
2021-02-19 18:15:31,566 [INFO] test_baidu.py line:15  浏览器名称:chrome,浏览器版本:88.0.4324.146
2021-02-19 18:15:31,566 [INFO] test_baidu.py line:26  用例1：测试百度搜索框输入selenium能搜索出包含selenium相关的信息
2021-02-19 18:15:31,585 [INFO] browser.py line:90  通过id成功定位元素【kw】！
2021-02-19 18:15:31,816 [INFO] test_baidu.py line:30  输入搜索信息
2021-02-19 18:15:31,839 [INFO] browser.py line:90  通过id成功定位元素【su】！
2021-02-19 18:15:31,966 [INFO] test_baidu.py line:34  点击搜索按钮
2021-02-19 18:15:37,751 [INFO] test_baidu.py line:22  关闭浏览器
2021-02-19 22:10:54,243 [INFO] test_baidu.py line:14  打开浏览器
2021-02-19 22:10:54,243 [INFO] test_baidu.py line:15  浏览器名称:chrome,浏览器版本:88.0.4324.150
2021-02-19 22:10:54,243 [INFO] test_baidu.py line:43  用例2：测试通过百度首页能进入新闻界面的游戏专题
2021-02-19 22:10:54,255 [INFO] browser.py line:90  通过xpath成功定位元素【//*[@id="s-top-left"]/a[1]】！
2021-02-19 22:10:54,320 [INFO] test_baidu.py line:47  点击新闻链接
2021-02-19 22:10:54,330 [INFO] test_baidu.py line:51  切换窗口
2021-02-19 22:10:55,436 [INFO] browser.py line:90  通过xpath成功定位元素【//*[@id="channel-all"]/div/ul/li[10]/a】！
2021-02-19 22:10:56,388 [INFO] test_baidu.py line:55  点击游戏链接
